2025-05-23 15:24:43,324 - INFO - 고양이-강아지 문장 변환에 적합한 텍스트 필터링을 시작합니다.
2025-05-23 15:24:43,329 - INFO - 1685개의 텍스트를 로드했습니다.
2025-05-23 15:24:43,334 - INFO - 사전 필터링: 1685개 중 493개의 텍스트가 남았습니다.
2025-05-23 15:24:43,335 - INFO - 추가로 300개의 텍스트를 필터링합니다...
2025-05-23 15:25:07,925 - INFO - 체크포인트 저장: 53개 텍스트, 100개 처리됨
2025-05-23 15:25:28,518 - INFO - 체크포인트 저장: 123개 텍스트, 200개 처리됨
2025-05-23 15:25:47,861 - INFO - 체크포인트 저장: 172개 텍스트, 300개 처리됨
2025-05-23 15:26:05,753 - INFO - 체크포인트 저장: 243개 텍스트, 400개 처리됨
2025-05-23 15:26:20,790 - INFO - 필터링 완료: 300개의 적합한 텍스트를 찾았습니다.
2025-05-23 15:26:20,799 - INFO - 필터링된 텍스트를 filtered_cat_dog_300.json에 저장했습니다.
2025-05-23 15:26:20,799 - INFO - 5개의 변환 예시를 생성합니다...
2025-05-23 15:26:28,157 - INFO - 예시 1 생성 완료
2025-05-23 15:26:32,250 - INFO - 예시 2 생성 완료
2025-05-23 15:26:34,322 - INFO - 예시 3 생성 완료
2025-05-23 15:26:37,010 - INFO - 예시 4 생성 완료
2025-05-23 15:26:42,779 - INFO - 예시 5 생성 완료
2025-05-23 15:26:43,787 - INFO - 변환 예시를 transformation_examples.json에 저장했습니다.
2025-05-23 15:26:43,788 - INFO - 체크포인트 파일을 삭제했습니다.
2025-05-23 15:34:16,961 - INFO - 고양이-강아지 문장 변환에 적합한 텍스트 필터링을 시작합니다.
2025-05-23 15:34:16,966 - INFO - 1685개의 텍스트를 로드했습니다.
2025-05-23 15:34:16,969 - INFO - 사전 필터링: 1685개 중 493개의 텍스트가 남았습니다.
2025-05-23 15:34:16,969 - INFO - 추가로 300개의 텍스트를 필터링합니다...
2025-05-23 15:34:35,876 - INFO - 체크포인트 저장: 54개 텍스트, 100개 처리됨
2025-05-23 15:34:50,957 - INFO - 체크포인트 저장: 124개 텍스트, 200개 처리됨
2025-05-23 15:35:06,464 - INFO - 체크포인트 저장: 172개 텍스트, 300개 처리됨
2025-05-23 15:35:23,389 - INFO - 체크포인트 저장: 242개 텍스트, 400개 처리됨
2025-05-23 15:35:39,577 - INFO - 체크포인트 저장: 300개 텍스트, 493개 처리됨
2025-05-23 15:35:39,577 - INFO - 필터링 완료: 300개의 적합한 텍스트를 찾았습니다.
2025-05-23 15:35:39,592 - INFO - 필터링된 텍스트를 filtered_cat_dog_300.json에 저장했습니다.
2025-05-23 15:35:39,592 - INFO - 5개의 변환 예시를 생성합니다...
2025-05-23 15:35:48,693 - INFO - 예시 1 생성 완료
2025-05-23 15:35:52,869 - INFO - 예시 2 생성 완료
2025-05-23 15:35:54,984 - INFO - 예시 3 생성 완료
2025-05-23 15:36:02,705 - INFO - 예시 4 생성 완료
2025-05-23 15:36:10,294 - INFO - 예시 5 생성 완료
2025-05-23 15:36:11,298 - INFO - 변환 예시를 transformation_examples.json에 저장했습니다.
2025-05-23 15:36:11,298 - INFO - 체크포인트 파일을 삭제했습니다.
2025-05-23 15:43:06,417 - INFO - 고양이-강아지 문장 변환에 적합한 텍스트 필터링을 시작합니다.
2025-05-23 15:43:06,418 - INFO - 최대 문장 길이: 200자
2025-05-23 15:43:06,422 - INFO - 1685개의 텍스트를 로드했습니다.
2025-05-23 15:43:06,426 - INFO - 사전 필터링: 1685개 중 207개의 텍스트가 남았습니다.
2025-05-23 15:43:06,426 - INFO - 추가로 300개의 텍스트를 필터링합니다...
2025-05-23 15:43:28,678 - INFO - 체크포인트 저장: 62개 텍스트, 100개 처리됨
2025-05-23 15:43:48,577 - INFO - 체크포인트 저장: 108개 텍스트, 200개 처리됨
2025-05-23 15:43:50,286 - INFO - 필터링 완료: 111개의 적합한 텍스트를 찾았습니다.
2025-05-23 15:43:50,300 - INFO - 필터링된 텍스트를 filtered_cat_dog_300.json에 저장했습니다.
2025-05-23 15:43:50,300 - INFO - 5개의 변환 예시를 생성합니다...
2025-05-23 15:43:51,463 - INFO - 예시 1 생성 완료
2025-05-23 15:44:00,357 - INFO - 예시 2 생성 완료
2025-05-23 15:44:02,752 - INFO - 예시 3 생성 완료
2025-05-23 15:44:13,414 - INFO - 예시 4 생성 완료
2025-05-23 15:44:17,517 - INFO - 예시 5 생성 완료
2025-05-23 15:44:18,523 - INFO - 변환 예시를 transformation_examples.json에 저장했습니다.
2025-05-23 15:44:18,524 - INFO - 체크포인트 파일을 삭제했습니다.
2025-05-24 22:32:49,302 - INFO - 고양이-강아지 문장 변환에 적합한 텍스트 필터링을 시작합니다.
2025-05-24 22:32:49,302 - INFO - 최대 문장 길이: 200자
2025-05-24 22:32:49,312 - INFO - 1733개의 텍스트를 로드했습니다.
2025-05-24 22:32:49,316 - INFO - 사전 필터링: 1733개 중 61개의 텍스트가 남았습니다.
2025-05-24 22:32:49,316 - INFO - 추가로 300개의 텍스트를 필터링합니다...
2025-05-24 22:33:02,395 - INFO - 필터링 완료: 43개의 적합한 텍스트를 찾았습니다.
2025-05-24 22:33:02,409 - INFO - 필터링된 텍스트를 데이터/filtered_cat_dog_0524.json에 저장했습니다.
2025-05-25 01:16:03,571 - INFO - 고양이-강아지 문장 변환에 적합한 텍스트 필터링을 시작합니다.
2025-05-25 01:16:03,572 - INFO - 최대 문장 길이: 200자
2025-05-25 01:17:45,852 - INFO - 고양이-강아지 문장 변환에 적합한 텍스트 필터링을 시작합니다.
2025-05-25 01:17:45,852 - INFO - 최대 문장 길이: 200자
2025-05-25 01:17:45,856 - INFO - 1687개의 텍스트를 로드했습니다.
2025-05-25 01:17:45,860 - INFO - 사전 필터링: 1687개 중 210개의 텍스트가 남았습니다.
2025-05-25 01:17:45,861 - INFO - 추가로 300개의 텍스트를 필터링합니다...
2025-05-25 01:18:21,009 - INFO - 필터링 완료: 120개의 적합한 텍스트를 찾았습니다.
2025-05-25 01:18:21,018 - INFO - 필터링된 텍스트를 filtered_cat_dog2.json에 저장했습니다.
2025-05-25 01:48:51,313 - INFO - 고양이-강아지 문장 변환에 적합한 텍스트 필터링을 시작합니다.
2025-05-25 01:48:51,313 - INFO - 최대 문장 길이: 200자
2025-05-25 01:48:51,319 - INFO - 1749개의 텍스트를 로드했습니다.
2025-05-25 01:48:51,323 - INFO - 사전 필터링: 1749개 중 24개의 텍스트가 남았습니다.
2025-05-25 01:48:51,323 - INFO - 추가로 300개의 텍스트를 필터링합니다...
2025-05-25 01:48:58,461 - INFO - 필터링 완료: 11개의 적합한 텍스트를 찾았습니다.
2025-05-25 01:48:58,474 - INFO - 필터링된 텍스트를 filtered_cat_dog3.json에 저장했습니다.
